  game.cpp
D:\c语言代码\Graphical_interface_leran\Graphical_interface_leran\game.h(1,1): warning C4828: 文件包含在偏移 0x2b1 处开始的字符，该字符在当前源字符集中无效(代码页 936)。
D:\c语言代码\Graphical_interface_leran\Graphical_interface_leran\game.cpp(56,3): error C2665: “loadimage”: 没有重载函数可以转换所有参数类型
C:\Program Files\Microsoft Visual Studio\2022\Community\VC\Auxiliary\VS\include\easyx.h(259,6): message : 可能是“void loadimage(IMAGE *,LPCTSTR,LPCTSTR,int,int,bool)”
D:\c语言代码\Graphical_interface_leran\Graphical_interface_leran\game.cpp(56,3): message : “void loadimage(IMAGE *,LPCTSTR,LPCTSTR,int,int,bool)”: 无法将参数 2 从“char [20]”转换为“LPCTSTR”
D:\c语言代码\Graphical_interface_leran\Graphical_interface_leran\game.cpp(56,22): message : 指向的类型不相关; 转换需要 reinterpret_cast、C 样式强制转换或带圆括号的函数样式强制转换
C:\Program Files\Microsoft Visual Studio\2022\Community\VC\Auxiliary\VS\include\easyx.h(258,6): message : 或    “void loadimage(IMAGE *,LPCTSTR,int,int,bool)”
D:\c语言代码\Graphical_interface_leran\Graphical_interface_leran\game.cpp(56,3): message : “void loadimage(IMAGE *,LPCTSTR,int,int,bool)”: 无法将参数 2 从“char [20]”转换为“LPCTSTR”
D:\c语言代码\Graphical_interface_leran\Graphical_interface_leran\game.cpp(56,22): message : 指向的类型不相关; 转换需要 reinterpret_cast、C 样式强制转换或带圆括号的函数样式强制转换
D:\c语言代码\Graphical_interface_leran\Graphical_interface_leran\game.cpp(56,3): message : 尝试匹配参数列表“(IMAGE *, char [20], int, int)”时
D:\c语言代码\Graphical_interface_leran\Graphical_interface_leran\game.cpp(64,16): error C2664: “int MessageBoxW(HWND,LPCWSTR,LPCWSTR,UINT)”: 无法将参数 2 从“const char [23]”转换为“LPCWSTR”
D:\c语言代码\Graphical_interface_leran\Graphical_interface_leran\game.cpp(64,38): message : 指向的类型不相关; 转换需要 reinterpret_cast、C 样式强制转换或带圆括号的函数样式强制转换
C:\Program Files (x86)\Windows Kits\10\Include\10.0.22621.0\um\winuser.h(9180,1): message : 参见“MessageBoxW”的声明
D:\c语言代码\Graphical_interface_leran\Graphical_interface_leran\game.cpp(64,16): message : 尝试匹配参数列表“(HWND, const char [23], const char [5], long)”时
D:\c语言代码\Graphical_interface_leran\Graphical_interface_leran\game.cpp(72,16): error C2664: “int MessageBoxW(HWND,LPCWSTR,LPCWSTR,UINT)”: 无法将参数 2 从“const char [23]”转换为“LPCWSTR”
D:\c语言代码\Graphical_interface_leran\Graphical_interface_leran\game.cpp(72,38): message : 指向的类型不相关; 转换需要 reinterpret_cast、C 样式强制转换或带圆括号的函数样式强制转换
C:\Program Files (x86)\Windows Kits\10\Include\10.0.22621.0\um\winuser.h(9180,1): message : 参见“MessageBoxW”的声明
D:\c语言代码\Graphical_interface_leran\Graphical_interface_leran\game.cpp(72,16): message : 尝试匹配参数列表“(HWND, const char [23], const char [5], long)”时
D:\c语言代码\Graphical_interface_leran\Graphical_interface_leran\game.cpp(97,2): error C2665: “settextstyle”: 没有重载函数可以转换所有参数类型
C:\Program Files\Microsoft Visual Studio\2022\Community\VC\Auxiliary\VS\include\easyx.h(249,6): message : 可能是“void settextstyle(int,int,LPCTSTR)”
D:\c语言代码\Graphical_interface_leran\Graphical_interface_leran\game.cpp(97,2): message : “void settextstyle(int,int,LPCTSTR)”: 无法将参数 3 从“char [10]”转换为“LPCTSTR”
D:\c语言代码\Graphical_interface_leran\Graphical_interface_leran\game.cpp(97,23): message : 指向的类型不相关; 转换需要 reinterpret_cast、C 样式强制转换或带圆括号的函数样式强制转换
D:\c语言代码\Graphical_interface_leran\Graphical_interface_leran\game.cpp(97,2): message : 尝试匹配参数列表“(int, int, char [10])”时
D:\c语言代码\Graphical_interface_leran\Graphical_interface_leran\game.cpp(98,2): error C2665: “outtextxy”: 没有重载函数可以转换所有参数类型
C:\Program Files\Microsoft Visual Studio\2022\Community\VC\Auxiliary\VS\include\easyx.h(226,6): message : 可能是“void outtextxy(int,int,TCHAR)”
D:\c语言代码\Graphical_interface_leran\Graphical_interface_leran\game.cpp(98,2): message : “void outtextxy(int,int,TCHAR)”: 无法将参数 3 从“char [10]”转换为“TCHAR”
D:\c语言代码\Graphical_interface_leran\Graphical_interface_leran\game.cpp(98,53): message : 没有使该转换得以执行的上下文
C:\Program Files\Microsoft Visual Studio\2022\Community\VC\Auxiliary\VS\include\easyx.h(225,6): message : 或    “void outtextxy(int,int,LPCTSTR)”
D:\c语言代码\Graphical_interface_leran\Graphical_interface_leran\game.cpp(98,2): message : “void outtextxy(int,int,LPCTSTR)”: 无法将参数 3 从“char [10]”转换为“LPCTSTR”
D:\c语言代码\Graphical_interface_leran\Graphical_interface_leran\game.cpp(98,53): message : 指向的类型不相关; 转换需要 reinterpret_cast、C 样式强制转换或带圆括号的函数样式强制转换
D:\c语言代码\Graphical_interface_leran\Graphical_interface_leran\game.cpp(98,2): message : 尝试匹配参数列表“(int, int, char [10])”时
D:\c语言代码\Graphical_interface_leran\Graphical_interface_leran\game.cpp(102,2): error C2665: “settextstyle”: 没有重载函数可以转换所有参数类型
C:\Program Files\Microsoft Visual Studio\2022\Community\VC\Auxiliary\VS\include\easyx.h(249,6): message : 可能是“void settextstyle(int,int,LPCTSTR)”
D:\c语言代码\Graphical_interface_leran\Graphical_interface_leran\game.cpp(102,2): message : “void settextstyle(int,int,LPCTSTR)”: 无法将参数 3 从“char [11]”转换为“LPCTSTR”
D:\c语言代码\Graphical_interface_leran\Graphical_interface_leran\game.cpp(102,23): message : 指向的类型不相关; 转换需要 reinterpret_cast、C 样式强制转换或带圆括号的函数样式强制转换
D:\c语言代码\Graphical_interface_leran\Graphical_interface_leran\game.cpp(102,2): message : 尝试匹配参数列表“(int, int, char [11])”时
D:\c语言代码\Graphical_interface_leran\Graphical_interface_leran\game.cpp(103,2): error C2665: “outtextxy”: 没有重载函数可以转换所有参数类型
C:\Program Files\Microsoft Visual Studio\2022\Community\VC\Auxiliary\VS\include\easyx.h(226,6): message : 可能是“void outtextxy(int,int,TCHAR)”
D:\c语言代码\Graphical_interface_leran\Graphical_interface_leran\game.cpp(103,2): message : “void outtextxy(int,int,TCHAR)”: 无法将参数 3 从“char [11]”转换为“TCHAR”
D:\c语言代码\Graphical_interface_leran\Graphical_interface_leran\game.cpp(103,54): message : 没有使该转换得以执行的上下文
C:\Program Files\Microsoft Visual Studio\2022\Community\VC\Auxiliary\VS\include\easyx.h(225,6): message : 或    “void outtextxy(int,int,LPCTSTR)”
D:\c语言代码\Graphical_interface_leran\Graphical_interface_leran\game.cpp(103,2): message : “void outtextxy(int,int,LPCTSTR)”: 无法将参数 3 从“char [11]”转换为“LPCTSTR”
D:\c语言代码\Graphical_interface_leran\Graphical_interface_leran\game.cpp(103,54): message : 指向的类型不相关; 转换需要 reinterpret_cast、C 样式强制转换或带圆括号的函数样式强制转换
D:\c语言代码\Graphical_interface_leran\Graphical_interface_leran\game.cpp(103,2): message : 尝试匹配参数列表“(int, int, char [11])”时
  main.cpp
D:\c语言代码\Graphical_interface_leran\Graphical_interface_leran\game.h(1,1): warning C4828: 文件包含在偏移 0x2b1 处开始的字符，该字符在当前源字符集中无效(代码页 936)。
  正在生成代码...
